<?xml version="1.0" encoding="utf-8"?><testsuites><testsuite errors="0" failures="0" hostname="CR-379L" name="pytest" skipped="0" tests="2" time="54.000" timestamp="2020-05-25T20:56:43.217318"><testcase classname="tests.test_from_json.TestClass" file="tests\test_from_json.py" line="20" name="test_invalid_json_no_exception_returns_none" time="0.024"></testcase><testcase classname="tests.test_from_json.TestClass" file="tests\test_from_json.py" line="11" name="test_valid_json_no_exception_returns_object" time="0.012"></testcase></testsuite></testsuites>